<?xml version="1.0" encoding="UTF-8"?>
<testsuite name="com.project.demo.rest.user.UserAchievementRestControllerTest" tests="5" skipped="0" failures="0" errors="0" timestamp="2025-12-02T21:02:54" hostname="DESKTOP-DQ4VE49" time="0.12">
  <properties/>
  <testcase name="testGetAllAchievements()" classname="com.project.demo.rest.user.UserAchievementRestControllerTest" time="0.092"/>
  <testcase name="testAddAchievementToUser_UserExistsAndAchievementExists()" classname="com.project.demo.rest.user.UserAchievementRestControllerTest" time="0.006"/>
  <testcase name="testUpdateAchievementForUser_UserExistsAndAchievementExists()" classname="com.project.demo.rest.user.UserAchievementRestControllerTest" time="0.005"/>
  <testcase name="testGetUserAchievementsByUserId_UserExists()" classname="com.project.demo.rest.user.UserAchievementRestControllerTest" time="0.005"/>
  <testcase name="testDeleteAchievementForUser_UserExistsAndAchievementExists()" classname="com.project.demo.rest.user.UserAchievementRestControllerTest" time="0.007"/>
  <system-out><![CDATA[]]></system-out>
  <system-err><![CDATA[]]></system-err>
</testsuite>
